android/build/intermediates/manifest_merge_blame_file/debug/manifest-merger-blame-debug-report.txt
1<?xml version="1.0" encoding="utf-8"?>
2<manifest xmlns:android="http://schemas.android.com/apk/res/android"
3    package="com.mygdx.gragdx"
4    android:versionCode="1"
5    android:versionName="1.0" >
6
7    <uses-sdk
8        android:minSdkVersion="14"
8-->connectThePoints\android\AndroidManifest.xml
9        android:targetSdkVersion="29" />
9-->connectThePoints\android\AndroidManifest.xml
10
11    <application
11-->connectThePoints\android\AndroidManifest.xml:5:5-24:19
12        android:allowBackup="true"
12-->connectThePoints\android\AndroidManifest.xml:6:13-39
13        android:appCategory="game"
13-->connectThePoints\android\AndroidManifest.xml:9:13-39
14        android:debuggable="true"
15        android:fullBackupContent="true"
15-->connectThePoints\android\AndroidManifest.xml:13:13-45
16        android:icon="@mipmap/icontest"
16-->connectThePoints\android\AndroidManifest.xml:7:13-44
17        android:isGame="true"
17-->connectThePoints\android\AndroidManifest.xml:8:13-34
18        android:label="@string/app_name"
18-->connectThePoints\android\AndroidManifest.xml:10:13-45
19        android:theme="@style/GdxTheme" >
19-->connectThePoints\android\AndroidManifest.xml:11:13-44
20        <activity
20-->connectThePoints\android\AndroidManifest.xml:14:9-23:20
21            android:name="com.mygdx.gragdx.AndroidLauncher"
21-->connectThePoints\android\AndroidManifest.xml:15:17-64
22            android:configChanges="keyboard|keyboardHidden|navigation|orientation|screenSize|screenLayout"
22-->connectThePoints\android\AndroidManifest.xml:18:17-111
23            android:label="@string/app_name"
23-->connectThePoints\android\AndroidManifest.xml:16:17-49
24            android:screenOrientation="portrait" >
24-->connectThePoints\android\AndroidManifest.xml:17:17-53
25            <intent-filter>
25-->connectThePoints\android\AndroidManifest.xml:19:13-22:29
26                <action android:name="android.intent.action.MAIN" />
26-->connectThePoints\android\AndroidManifest.xml:20:17-68
26-->connectThePoints\android\AndroidManifest.xml:20:25-66
27
28                <category android:name="android.intent.category.LAUNCHER" />
28-->connectThePoints\android\AndroidManifest.xml:21:17-76
28-->connectThePoints\android\AndroidManifest.xml:21:27-74
29            </intent-filter>
30        </activity>
31    </application>
32
33</manifest>